<?xml version="1.0" encoding="UTF-8"?>
<!-- Generated by org.testng.reporters.JUnitReportReporter -->
<testsuite hostname="DESKTOP-GH3CJ3T" name="testScenarios.TS1_navigateToCabs" tests="2" failures="0" timestamp="26 May 2021 13:34:48 GMT" time="1.983" errors="0">
  <testcase name="navigateToCabs" time="1.777" classname="testScenarios.TS1_navigateToCabs"/>
  <testcase name="popUppresent" time="0.206" classname="testScenarios.TS1_navigateToCabs"/>
</testsuite> <!-- testScenarios.TS1_navigateToCabs -->
