<?xml version="1.0" encoding="UTF-8"?>
<!-- Generated by org.testng.reporters.JUnitReportReporter -->
<testsuite hostname="DESKTOP-GH3CJ3T" name="testScenarios.TS3_bookACab" tests="7" failures="0" timestamp="26 May 2021 13:34:48 GMT" time="20.309" errors="0">
  <testcase name="selectOneWayBooking" time="0.556" classname="testScenarios.TS3_bookACab"/>
  <testcase name="enterSourceCity" time="2.546" classname="testScenarios.TS3_bookACab"/>
  <testcase name="enterSameCity" time="4.183" classname="testScenarios.TS3_bookACab"/>
  <testcase name="selectPickupTime" time="1.128" classname="testScenarios.TS3_bookACab"/>
  <testcase name="enterDestinationCity" time="2.089" classname="testScenarios.TS3_bookACab"/>
  <testcase name="enterDepartureDate" time="1.807" classname="testScenarios.TS3_bookACab"/>
  <testcase name="clickSearch" time="8.000" classname="testScenarios.TS3_bookACab"/>
</testsuite> <!-- testScenarios.TS3_bookACab -->
