<?xml version="1.0" encoding="UTF-8"?>
<!-- Generated by org.testng.reporters.JUnitReportReporter -->
<testsuite hostname="DESKTOP-GH3CJ3T" name="testScenarios.TS6_bookHotel" tests="4" failures="0" timestamp="26 May 2021 13:34:48 GMT" time="8.572" errors="0">
  <testcase name="enterCheckInDate" time="1.896" classname="testScenarios.TS6_bookHotel"/>
  <testcase name="enterCheckOutDate" time="0.591" classname="testScenarios.TS6_bookHotel"/>
  <testcase name="selectCity" time="4.473" classname="testScenarios.TS6_bookHotel"/>
  <testcase name="enterRooms" time="1.612" classname="testScenarios.TS6_bookHotel"/>
</testsuite> <!-- testScenarios.TS6_bookHotel -->
