<?xml version="1.0" encoding="UTF-8"?>
<!-- Generated by org.testng.reporters.JUnitReportReporter -->
<testsuite hostname="DESKTOP-GH3CJ3T" name="testScenarios.TS2_navigateToHotels" tests="2" failures="0" timestamp="26 May 2021 13:34:48 GMT" time="8.325" errors="0">
  <testcase name="navigateToHotels" time="7.606" classname="testScenarios.TS2_navigateToHotels"/>
  <testcase name="checkforPopUps" time="0.719" classname="testScenarios.TS2_navigateToHotels"/>
</testsuite> <!-- testScenarios.TS2_navigateToHotels -->
