<?xml version="1.0" encoding="UTF-8"?>
<!-- Generated by org.testng.reporters.JUnitReportReporter -->
<testsuite hostname="DESKTOP-GH3CJ3T" name="testScenarios.TS4_searchResultCabs" tests="4" failures="0" timestamp="26 May 2021 13:34:48 GMT" time="13.950" errors="0">
  <testcase name="displayLowestPrice" time="3.314" classname="testScenarios.TS4_searchResultCabs"/>
  <testcase name="selectCarType" time="4.857" classname="testScenarios.TS4_searchResultCabs"/>
  <testcase name="filterPrice" time="1.062" classname="testScenarios.TS4_searchResultCabs"/>
  <testcase name="displayAvailableCars" time="4.717" classname="testScenarios.TS4_searchResultCabs"/>
</testsuite> <!-- testScenarios.TS4_searchResultCabs -->
