<?xml version="1.0" encoding="UTF-8"?>
<!-- Generated by org.testng.reporters.JUnitReportReporter -->
<testsuite hostname="DESKTOP-GH3CJ3T" name="testScenarios.TS2_navigateToGiftCards" tests="1" failures="0" timestamp="26 May 2021 13:34:48 GMT" time="0.456" errors="0">
  <testcase name="navigateToGiftCard" time="0.456" classname="testScenarios.TS2_navigateToGiftCards"/>
</testsuite> <!-- testScenarios.TS2_navigateToGiftCards -->
