<?xml version="1.0" encoding="UTF-8"?>
<!-- Generated by org.testng.reporters.JUnitReportReporter -->
<testsuite hostname="DESKTOP-GH3CJ3T" name="testScenarios.TS5_groupGifting" tests="2" failures="0" timestamp="26 May 2021 13:34:48 GMT" time="8.336" errors="0">
  <testcase name="enterCardDetails" time="0.011" classname="testScenarios.TS5_groupGifting"/>
  <testcase name="selectGroupGifting" time="8.325" classname="testScenarios.TS5_groupGifting"/>
</testsuite> <!-- testScenarios.TS5_groupGifting -->
